[absolute intensities]
comment = comment
d = 90.0001
transmittedflux = 19434400.0
calc.transmission = (Transmission) : 19434400.0 CALCULATED from TransmittedFlux/IncidentFlux
calc.flux = (Total Flux = Incident Flux * K (ph/s)) : 1.0 CALCULATED from IncidentFlux*K
k = 1.0
thickness = 0.1240676
calc.deltaomega = (Delta Omega) : 6.944429012371397e-09 CALCULATED from (pixel_size/D)**2
filename = param.par
q_by_pixel = -1.0
backgd_by_s = 9e-05
backgd_by_pix = 0.0
calc.backgd = (Total background (B by pixel + B by s * time)) : 0.162 CALCULATED from backgd_by_pix+backgd_by_s*time
time = 1800.0
wavelength = 1.54189e-10
incidentflux = 1.0
pixel_size = 0.0075

[solvent subtraction]
file = Cu_SAXS2_HFLUX-img2_0_00000.dat-JK-16-10-2024-D1-03 - scaled

