[absolute intensities]
comment = comment
d = 89.9999
transmittedflux = 3183790.0
calc.transmission = (Transmission) : 3183790.0 CALCULATED from TransmittedFlux/IncidentFlux
calc.flux = (Total Flux = Incident Flux * K (ph/s)) : 1.0 CALCULATED from IncidentFlux*K
k = 1.0
thickness = 0.12
calc.deltaomega = (Delta Omega) : 6.94445987656893e-09 CALCULATED from (pixel_size/D)**2
filename = param.par
q_by_pixel = -1.0
backgd_by_s = 2e-06
backgd_by_pix = 0.0
calc.backgd = (Total background (B by pixel + B by s * time)) : 0.0144 CALCULATED from backgd_by_pix+backgd_by_s*time
time = 7200.0
wavelength = 1.54189e-10
incidentflux = 1.0
pixel_size = 0.0075

[solvent subtraction]
file = Cu_SAXS2_STD-Week_end_WAXS_SAXS_0_00038.dat-CV - scaled

